2022-01-17 15:24:32,801 - elsapy.elsclient - INFO - Module loaded.
2022-01-17 15:24:32,920 - elsapy.elsentity - INFO - Module loaded.
2022-01-17 15:24:32,921 - elsapy.elsdoc - INFO - Module loaded.
2022-01-17 15:25:35,901 - elsapy.elsclient - INFO - Module loaded.
2022-01-17 15:25:35,976 - elsapy.elsentity - INFO - Module loaded.
2022-01-17 15:25:35,977 - elsapy.elsdoc - INFO - Module loaded.
2022-01-17 15:25:37,148 - elsapy.utils - INFO - Module loaded.
2022-01-17 15:25:37,148 - elsapy.elssearch - INFO - Module loaded.
2022-01-17 15:25:37,149 - elsapy.elsprofile - INFO - Module loaded.
2022-01-17 15:26:03,339 - elsapy.elsclient - INFO - Module loaded.
2022-01-17 15:26:03,414 - elsapy.elsentity - INFO - Module loaded.
2022-01-17 15:26:03,415 - elsapy.elsdoc - INFO - Module loaded.
2022-01-17 15:26:03,754 - elsapy.utils - INFO - Module loaded.
2022-01-17 15:26:03,754 - elsapy.elssearch - INFO - Module loaded.
2022-01-17 15:26:03,755 - elsapy.elsprofile - INFO - Module loaded.
2022-01-17 15:26:04,347 - elsapy.elsclient - INFO - Sending GET request to https://api.elsevier.com/content/search/scopus?query=AU-ID%2835070456600%29
2022-01-17 15:26:07,612 - elsapy.elsclient - INFO - Sending GET request to https://api.elsevier.com/content/search/scopus?start=25&count=25&query=AU-ID%2835070456600%29
2022-01-17 15:26:10,120 - elsapy.elsclient - INFO - Sending GET request to https://api.elsevier.com/content/search/scopus?start=50&count=25&query=AU-ID%2835070456600%29
2022-01-17 15:26:13,765 - elsapy.elsclient - INFO - Sending GET request to https://api.elsevier.com/content/search/scopus?start=75&count=25&query=AU-ID%2835070456600%29
2022-01-17 15:26:14,526 - elsapy.utils - INFO - Converting prism:coverDate
2022-01-17 15:27:09,474 - elsapy.elsclient - INFO - Module loaded.
2022-01-17 15:27:09,553 - elsapy.elsentity - INFO - Module loaded.
2022-01-17 15:27:09,553 - elsapy.elsdoc - INFO - Module loaded.
2022-01-17 15:27:09,887 - elsapy.utils - INFO - Module loaded.
2022-01-17 15:27:09,887 - elsapy.elssearch - INFO - Module loaded.
2022-01-17 15:27:09,888 - elsapy.elsprofile - INFO - Module loaded.
2022-01-17 15:27:10,487 - elsapy.elsclient - INFO - Sending GET request to https://api.elsevier.com/content/search/scopus?query=AU-ID%2835070456600%29
2022-01-17 15:27:12,705 - elsapy.elsclient - INFO - Sending GET request to https://api.elsevier.com/content/search/scopus?start=25&count=25&query=AU-ID%2835070456600%29
2022-01-17 15:27:14,687 - elsapy.elsclient - INFO - Sending GET request to https://api.elsevier.com/content/search/scopus?start=50&count=25&query=AU-ID%2835070456600%29
2022-01-17 15:27:18,060 - elsapy.elsclient - INFO - Sending GET request to https://api.elsevier.com/content/search/scopus?start=75&count=25&query=AU-ID%2835070456600%29
2022-01-17 15:27:18,963 - elsapy.utils - INFO - Converting prism:coverDate
2022-01-17 15:27:19,965 - elsapy.elsclient - INFO - Sending GET request to https://api.elsevier.com/content/search/scopus?query=AU-ID%2835070456600%29
2022-01-17 15:27:22,850 - elsapy.elsclient - INFO - Sending GET request to https://api.elsevier.com/content/search/scopus?start=25&count=25&query=AU-ID%2835070456600%29
2022-01-17 15:27:24,875 - elsapy.elsclient - INFO - Sending GET request to https://api.elsevier.com/content/search/scopus?start=50&count=25&query=AU-ID%2835070456600%29
2022-01-17 15:27:26,994 - elsapy.elsclient - INFO - Sending GET request to https://api.elsevier.com/content/search/scopus?start=75&count=25&query=AU-ID%2835070456600%29
2022-01-17 15:27:27,637 - elsapy.utils - INFO - Converting prism:coverDate
2022-01-17 15:27:28,647 - elsapy.elsclient - INFO - Sending GET request to https://api.elsevier.com/content/search/scopus?query=AU-ID%2853265520300%29
2022-01-17 15:27:30,713 - elsapy.utils - INFO - Converting prism:coverDate
2022-01-17 15:27:31,713 - elsapy.elsclient - INFO - Sending GET request to https://api.elsevier.com/content/search/scopus?query=AU-ID%2855237805800%29
2022-01-17 15:27:34,028 - elsapy.utils - INFO - Converting prism:coverDate
2022-01-17 15:27:35,038 - elsapy.elsclient - INFO - Sending GET request to https://api.elsevier.com/content/search/scopus?query=AU-ID%2855387026900%29
2022-01-17 15:27:36,202 - elsapy.utils - INFO - Converting prism:coverDate
2022-01-17 15:27:37,206 - elsapy.elsclient - INFO - Sending GET request to https://api.elsevier.com/content/search/scopus?query=AU-ID%2856411885900%29
2022-01-17 15:27:38,421 - elsapy.utils - INFO - Converting prism:coverDate
2022-01-17 15:27:39,426 - elsapy.elsclient - INFO - Sending GET request to https://api.elsevier.com/content/search/scopus?query=AU-ID%2856623095700%29
2022-01-17 15:27:40,881 - elsapy.utils - INFO - Converting prism:coverDate
2022-01-17 15:27:41,882 - elsapy.elsclient - INFO - Sending GET request to https://api.elsevier.com/content/search/scopus?query=AU-ID%2856736811600%29
2022-01-17 15:27:43,081 - elsapy.utils - INFO - Converting prism:coverDate
2022-01-17 15:34:16,330 - elsapy.elsclient - INFO - Module loaded.
2022-01-17 15:34:16,404 - elsapy.elsentity - INFO - Module loaded.
2022-01-17 15:34:16,405 - elsapy.elsdoc - INFO - Module loaded.
2022-01-17 15:34:16,729 - elsapy.utils - INFO - Module loaded.
2022-01-17 15:34:16,730 - elsapy.elssearch - INFO - Module loaded.
2022-01-17 15:34:16,730 - elsapy.elsprofile - INFO - Module loaded.
2022-01-17 15:34:17,345 - elsapy.elsclient - INFO - Sending GET request to https://api.elsevier.com/content/search/scopus?query=AU-ID%2835070456600%29
2022-01-17 15:34:20,069 - elsapy.elsclient - INFO - Sending GET request to https://api.elsevier.com/content/search/scopus?start=25&count=25&query=AU-ID%2835070456600%29
2022-01-17 15:34:24,088 - elsapy.elsclient - INFO - Sending GET request to https://api.elsevier.com/content/search/scopus?start=50&count=25&query=AU-ID%2835070456600%29
2022-01-17 15:34:26,702 - elsapy.elsclient - INFO - Sending GET request to https://api.elsevier.com/content/search/scopus?start=75&count=25&query=AU-ID%2835070456600%29
2022-01-17 15:34:28,377 - elsapy.utils - INFO - Converting prism:coverDate
2022-01-17 15:34:29,382 - elsapy.elsclient - INFO - Sending GET request to https://api.elsevier.com/content/search/scopus?query=AU-ID%2835070456600%29
2022-01-17 15:34:31,336 - elsapy.elsclient - INFO - Sending GET request to https://api.elsevier.com/content/search/scopus?start=25&count=25&query=AU-ID%2835070456600%29
2022-01-17 15:34:33,373 - elsapy.elsclient - INFO - Sending GET request to https://api.elsevier.com/content/search/scopus?start=50&count=25&query=AU-ID%2835070456600%29
2022-01-17 15:34:35,843 - elsapy.elsclient - INFO - Sending GET request to https://api.elsevier.com/content/search/scopus?start=75&count=25&query=AU-ID%2835070456600%29
2022-01-17 15:34:36,586 - elsapy.utils - INFO - Converting prism:coverDate
2022-01-17 15:34:37,589 - elsapy.elsclient - INFO - Sending GET request to https://api.elsevier.com/content/search/scopus?query=AU-ID%2853265520300%29
2022-01-17 15:34:38,833 - elsapy.utils - INFO - Converting prism:coverDate
2022-01-17 15:34:39,832 - elsapy.elsclient - INFO - Sending GET request to https://api.elsevier.com/content/search/scopus?query=AU-ID%2855237805800%29
2022-01-17 15:34:41,579 - elsapy.utils - INFO - Converting prism:coverDate
2022-01-17 15:34:42,578 - elsapy.elsclient - INFO - Sending GET request to https://api.elsevier.com/content/search/scopus?query=AU-ID%2855387026900%29
2022-01-17 15:34:43,188 - elsapy.utils - INFO - Converting prism:coverDate
2022-01-17 15:34:44,194 - elsapy.elsclient - INFO - Sending GET request to https://api.elsevier.com/content/search/scopus?query=AU-ID%2856411885900%29
2022-01-17 15:34:46,659 - elsapy.utils - INFO - Converting prism:coverDate
2022-01-17 15:34:47,662 - elsapy.elsclient - INFO - Sending GET request to https://api.elsevier.com/content/search/scopus?query=AU-ID%2856623095700%29
2022-01-17 15:34:52,777 - elsapy.utils - INFO - Converting prism:coverDate
2022-01-17 15:34:53,782 - elsapy.elsclient - INFO - Sending GET request to https://api.elsevier.com/content/search/scopus?query=AU-ID%2856736811600%29
2022-01-17 15:35:03,204 - elsapy.utils - INFO - Converting prism:coverDate
2022-01-17 15:37:09,957 - elsapy.elsclient - INFO - Module loaded.
2022-01-17 15:37:10,037 - elsapy.elsentity - INFO - Module loaded.
2022-01-17 15:37:10,037 - elsapy.elsdoc - INFO - Module loaded.
2022-01-17 15:37:10,391 - elsapy.utils - INFO - Module loaded.
2022-01-17 15:37:10,391 - elsapy.elssearch - INFO - Module loaded.
2022-01-17 15:37:10,392 - elsapy.elsprofile - INFO - Module loaded.
2022-01-17 15:37:18,228 - elsapy.elsclient - INFO - Module loaded.
2022-01-17 15:37:18,305 - elsapy.elsentity - INFO - Module loaded.
2022-01-17 15:37:18,305 - elsapy.elsdoc - INFO - Module loaded.
2022-01-17 15:37:18,641 - elsapy.utils - INFO - Module loaded.
2022-01-17 15:37:18,642 - elsapy.elssearch - INFO - Module loaded.
2022-01-17 15:37:18,643 - elsapy.elsprofile - INFO - Module loaded.
2022-01-17 15:38:01,691 - elsapy.elsclient - INFO - Module loaded.
2022-01-17 15:38:01,766 - elsapy.elsentity - INFO - Module loaded.
2022-01-17 15:38:01,767 - elsapy.elsdoc - INFO - Module loaded.
2022-01-17 15:38:02,095 - elsapy.utils - INFO - Module loaded.
2022-01-17 15:38:02,096 - elsapy.elssearch - INFO - Module loaded.
2022-01-17 15:38:02,096 - elsapy.elsprofile - INFO - Module loaded.
2022-01-17 15:38:02,694 - elsapy.elsclient - INFO - Sending GET request to https://api.elsevier.com/content/search/scopus?query=AU-ID%2835070456600%29
2022-01-17 15:38:05,968 - elsapy.elsclient - INFO - Sending GET request to https://api.elsevier.com/content/search/scopus?start=25&count=25&query=AU-ID%2835070456600%29
2022-01-17 15:38:08,709 - elsapy.elsclient - INFO - Sending GET request to https://api.elsevier.com/content/search/scopus?start=50&count=25&query=AU-ID%2835070456600%29
2022-01-17 15:38:10,872 - elsapy.elsclient - INFO - Sending GET request to https://api.elsevier.com/content/search/scopus?start=75&count=25&query=AU-ID%2835070456600%29
2022-01-17 15:38:11,598 - elsapy.utils - INFO - Converting prism:coverDate
2022-01-17 15:38:12,605 - elsapy.elsclient - INFO - Sending GET request to https://api.elsevier.com/content/search/scopus?query=AU-ID%2835070456600%29
2022-01-17 15:38:14,419 - elsapy.elsclient - INFO - Sending GET request to https://api.elsevier.com/content/search/scopus?start=25&count=25&query=AU-ID%2835070456600%29
2022-01-17 15:38:16,246 - elsapy.elsclient - INFO - Sending GET request to https://api.elsevier.com/content/search/scopus?start=50&count=25&query=AU-ID%2835070456600%29
2022-01-17 15:38:18,792 - elsapy.elsclient - INFO - Sending GET request to https://api.elsevier.com/content/search/scopus?start=75&count=25&query=AU-ID%2835070456600%29
2022-01-17 15:38:19,607 - elsapy.utils - INFO - Converting prism:coverDate
2022-01-17 15:38:20,617 - elsapy.elsclient - INFO - Sending GET request to https://api.elsevier.com/content/search/scopus?query=AU-ID%2853265520300%29
2022-01-17 15:38:23,485 - elsapy.utils - INFO - Converting prism:coverDate
2022-01-17 15:38:24,490 - elsapy.elsclient - INFO - Sending GET request to https://api.elsevier.com/content/search/scopus?query=AU-ID%2855237805800%29
2022-01-17 15:38:25,268 - elsapy.utils - INFO - Converting prism:coverDate
2022-01-17 15:38:26,276 - elsapy.elsclient - INFO - Sending GET request to https://api.elsevier.com/content/search/scopus?query=AU-ID%2855387026900%29
2022-01-17 15:38:29,245 - elsapy.utils - INFO - Converting prism:coverDate
2022-01-17 15:38:30,257 - elsapy.elsclient - INFO - Sending GET request to https://api.elsevier.com/content/search/scopus?query=AU-ID%2856411885900%29
2022-01-17 15:38:31,985 - elsapy.utils - INFO - Converting prism:coverDate
2022-01-17 15:38:34,088 - elsapy.elsclient - INFO - Sending GET request to https://api.elsevier.com/content/search/scopus?query=AU-ID%2856623095700%29
2022-01-17 15:38:36,204 - elsapy.utils - INFO - Converting prism:coverDate
2022-01-17 15:38:37,209 - elsapy.elsclient - INFO - Sending GET request to https://api.elsevier.com/content/search/scopus?query=AU-ID%2856736811600%29
2022-01-17 15:38:38,003 - elsapy.utils - INFO - Converting prism:coverDate
2022-01-17 15:39:11,890 - elsapy.elsclient - INFO - Module loaded.
2022-01-17 15:39:11,970 - elsapy.elsentity - INFO - Module loaded.
2022-01-17 15:39:11,970 - elsapy.elsdoc - INFO - Module loaded.
2022-01-17 15:39:12,323 - elsapy.utils - INFO - Module loaded.
2022-01-17 15:39:12,323 - elsapy.elssearch - INFO - Module loaded.
2022-01-17 15:39:12,324 - elsapy.elsprofile - INFO - Module loaded.
2022-01-17 15:39:12,905 - elsapy.elsclient - INFO - Sending GET request to https://api.elsevier.com/content/search/scopus?query=AU-ID%2835070456600%29
2022-01-17 15:39:16,295 - elsapy.elsclient - INFO - Sending GET request to https://api.elsevier.com/content/search/scopus?start=25&count=25&query=AU-ID%2835070456600%29
2022-01-17 15:39:18,886 - elsapy.elsclient - INFO - Sending GET request to https://api.elsevier.com/content/search/scopus?start=50&count=25&query=AU-ID%2835070456600%29
2022-01-17 15:39:21,094 - elsapy.elsclient - INFO - Sending GET request to https://api.elsevier.com/content/search/scopus?start=75&count=25&query=AU-ID%2835070456600%29
2022-01-17 15:39:22,748 - elsapy.utils - INFO - Converting prism:coverDate
2022-01-17 15:39:23,752 - elsapy.elsclient - INFO - Sending GET request to https://api.elsevier.com/content/search/scopus?query=AU-ID%2835070456600%29
2022-01-17 15:39:25,716 - elsapy.elsclient - INFO - Sending GET request to https://api.elsevier.com/content/search/scopus?start=25&count=25&query=AU-ID%2835070456600%29
2022-01-17 15:39:29,210 - elsapy.elsclient - INFO - Sending GET request to https://api.elsevier.com/content/search/scopus?start=50&count=25&query=AU-ID%2835070456600%29
2022-01-17 15:39:31,647 - elsapy.elsclient - INFO - Sending GET request to https://api.elsevier.com/content/search/scopus?start=75&count=25&query=AU-ID%2835070456600%29
2022-01-17 15:39:32,404 - elsapy.utils - INFO - Converting prism:coverDate
2022-01-17 15:39:33,410 - elsapy.elsclient - INFO - Sending GET request to https://api.elsevier.com/content/search/scopus?query=AU-ID%2853265520300%29
2022-01-17 15:39:34,533 - elsapy.utils - INFO - Converting prism:coverDate
2022-01-17 15:39:35,544 - elsapy.elsclient - INFO - Sending GET request to https://api.elsevier.com/content/search/scopus?query=AU-ID%2855237805800%29
2022-01-17 15:39:37,583 - elsapy.utils - INFO - Converting prism:coverDate
2022-01-17 15:39:38,585 - elsapy.elsclient - INFO - Sending GET request to https://api.elsevier.com/content/search/scopus?query=AU-ID%2855387026900%29
2022-01-17 15:39:39,246 - elsapy.utils - INFO - Converting prism:coverDate
2022-01-17 15:39:40,250 - elsapy.elsclient - INFO - Sending GET request to https://api.elsevier.com/content/search/scopus?query=AU-ID%2856411885900%29
2022-01-17 15:39:41,115 - elsapy.utils - INFO - Converting prism:coverDate
2022-01-17 15:39:42,118 - elsapy.elsclient - INFO - Sending GET request to https://api.elsevier.com/content/search/scopus?query=AU-ID%2856623095700%29
2022-01-17 15:39:42,845 - elsapy.utils - INFO - Converting prism:coverDate
2022-01-17 15:39:43,845 - elsapy.elsclient - INFO - Sending GET request to https://api.elsevier.com/content/search/scopus?query=AU-ID%2856736811600%29
2022-01-17 15:39:44,525 - elsapy.utils - INFO - Converting prism:coverDate
2022-01-17 15:39:45,528 - elsapy.elsclient - INFO - Sending GET request to https://api.elsevier.com/content/search/scopus?query=AU-ID%2856829262300%29
2022-01-17 15:39:49,691 - elsapy.utils - INFO - Converting prism:coverDate
2022-01-17 15:39:50,689 - elsapy.elsclient - INFO - Sending GET request to https://api.elsevier.com/content/search/scopus?query=AU-ID%2857164794100%29
2022-01-17 15:39:54,080 - elsapy.utils - INFO - Converting prism:coverDate
2022-01-17 15:39:55,086 - elsapy.elsclient - INFO - Sending GET request to https://api.elsevier.com/content/search/scopus?query=AU-ID%2857189241247%29
2022-01-17 15:39:58,161 - elsapy.utils - INFO - Converting prism:coverDate
2022-01-17 15:39:59,161 - elsapy.elsclient - INFO - Sending GET request to https://api.elsevier.com/content/search/scopus?query=AU-ID%2857189489654%29
2022-01-17 15:40:02,782 - elsapy.utils - INFO - Converting prism:coverDate
2022-01-17 15:40:03,792 - elsapy.elsclient - INFO - Sending GET request to https://api.elsevier.com/content/search/scopus?query=AU-ID%2857189491386%29
2022-01-17 15:40:06,104 - elsapy.utils - INFO - Converting prism:coverDate
2022-01-17 15:40:07,112 - elsapy.elsclient - INFO - Sending GET request to https://api.elsevier.com/content/search/scopus?query=AU-ID%2857189496923%29
2022-01-17 15:40:12,382 - elsapy.utils - INFO - Converting prism:coverDate
2022-01-17 15:40:13,391 - elsapy.elsclient - INFO - Sending GET request to https://api.elsevier.com/content/search/scopus?query=AU-ID%2857189500860%29
2022-01-17 15:40:18,301 - elsapy.utils - INFO - Converting prism:coverDate
2022-01-17 15:40:19,300 - elsapy.elsclient - INFO - Sending GET request to https://api.elsevier.com/content/search/scopus?query=AU-ID%2857189501612%29
2022-01-17 15:40:21,434 - elsapy.utils - INFO - Converting prism:coverDate
2022-01-17 15:40:22,440 - elsapy.elsclient - INFO - Sending GET request to https://api.elsevier.com/content/search/scopus?query=AU-ID%2857189502995%29
2022-01-17 15:40:23,951 - elsapy.utils - INFO - Converting prism:coverDate
2022-01-17 15:40:24,952 - elsapy.elsclient - INFO - Sending GET request to https://api.elsevier.com/content/search/scopus?query=AU-ID%2857190802506%29
2022-01-17 15:40:26,822 - elsapy.utils - INFO - Converting prism:coverDate
2022-01-17 15:40:27,824 - elsapy.elsclient - INFO - Sending GET request to https://api.elsevier.com/content/search/scopus?query=AU-ID%2857190937522%29
2022-01-17 15:40:29,124 - elsapy.utils - INFO - Converting prism:coverDate
2022-01-17 15:40:30,135 - elsapy.elsclient - INFO - Sending GET request to https://api.elsevier.com/content/search/scopus?query=AU-ID%2857191376011%29
2022-01-17 15:40:42,332 - elsapy.utils - INFO - Converting prism:coverDate
2022-01-17 15:40:43,343 - elsapy.elsclient - INFO - Sending GET request to https://api.elsevier.com/content/search/scopus?query=AU-ID%2857193351194%29
2022-01-17 15:40:45,190 - elsapy.utils - INFO - Converting prism:coverDate
2022-01-17 15:40:46,198 - elsapy.elsclient - INFO - Sending GET request to https://api.elsevier.com/content/search/scopus?query=AU-ID%2857193551563%29
2022-01-17 15:40:47,511 - elsapy.utils - INFO - Converting prism:coverDate
2022-01-17 15:40:48,511 - elsapy.elsclient - INFO - Sending GET request to https://api.elsevier.com/content/search/scopus?query=AU-ID%2857193552117%29
2022-01-17 15:40:49,707 - elsapy.utils - INFO - Converting prism:coverDate
2022-01-17 15:40:50,720 - elsapy.elsclient - INFO - Sending GET request to https://api.elsevier.com/content/search/scopus?query=AU-ID%2857193553998%29
2022-01-17 15:40:52,290 - elsapy.utils - INFO - Converting prism:coverDate
2022-01-17 15:40:53,302 - elsapy.elsclient - INFO - Sending GET request to https://api.elsevier.com/content/search/scopus?query=AU-ID%2857193554937%29
2022-01-17 15:40:54,514 - elsapy.utils - INFO - Converting prism:coverDate
2022-01-17 15:40:55,525 - elsapy.elsclient - INFO - Sending GET request to https://api.elsevier.com/content/search/scopus?query=AU-ID%2857193555024%29
2022-01-17 15:40:57,196 - elsapy.utils - INFO - Converting prism:coverDate
2022-01-17 15:40:58,197 - elsapy.elsclient - INFO - Sending GET request to https://api.elsevier.com/content/search/scopus?query=AU-ID%2857193555871%29
2022-01-17 15:41:09,178 - elsapy.utils - INFO - Converting prism:coverDate
2022-01-17 15:41:10,190 - elsapy.elsclient - INFO - Sending GET request to https://api.elsevier.com/content/search/scopus?query=AU-ID%2857193556709%29
2022-01-17 15:41:21,696 - elsapy.utils - INFO - Converting prism:coverDate
2022-01-17 15:41:22,700 - elsapy.elsclient - INFO - Sending GET request to https://api.elsevier.com/content/search/scopus?query=AU-ID%2857193557036%29
2022-01-17 15:41:24,898 - elsapy.utils - INFO - Converting prism:coverDate
2022-01-17 15:41:25,904 - elsapy.elsclient - INFO - Sending GET request to https://api.elsevier.com/content/search/scopus?query=AU-ID%2857193694289%29
2022-01-17 15:41:36,109 - elsapy.utils - INFO - Converting prism:coverDate
2022-01-17 15:41:37,117 - elsapy.elsclient - INFO - Sending GET request to https://api.elsevier.com/content/search/scopus?query=AU-ID%2857193703805%29
2022-01-17 15:41:40,208 - elsapy.utils - INFO - Converting prism:coverDate
2022-01-17 15:41:41,219 - elsapy.elsclient - INFO - Sending GET request to https://api.elsevier.com/content/search/scopus?query=AU-ID%2857193703805%29
2022-01-17 15:41:42,608 - elsapy.utils - INFO - Converting prism:coverDate
2022-01-17 15:41:43,611 - elsapy.elsclient - INFO - Sending GET request to https://api.elsevier.com/content/search/scopus?query=AU-ID%2857193845073%29
2022-01-17 15:41:48,016 - elsapy.utils - INFO - Converting prism:coverDate
2022-01-17 15:41:49,019 - elsapy.elsclient - INFO - Sending GET request to https://api.elsevier.com/content/search/scopus?query=AU-ID%2857193845740%29
2022-01-17 15:41:54,345 - elsapy.utils - INFO - Converting prism:coverDate
2022-01-17 15:41:55,358 - elsapy.elsclient - INFO - Sending GET request to https://api.elsevier.com/content/search/scopus?query=AU-ID%2857193845740%29
2022-01-17 15:41:56,127 - elsapy.utils - INFO - Converting prism:coverDate
2022-01-17 15:41:57,129 - elsapy.elsclient - INFO - Sending GET request to https://api.elsevier.com/content/search/scopus?query=AU-ID%2857193845829%29
2022-01-17 15:42:02,105 - elsapy.utils - INFO - Converting prism:coverDate
2022-01-17 15:42:03,104 - elsapy.elsclient - INFO - Sending GET request to https://api.elsevier.com/content/search/scopus?query=AU-ID%2857193851273%29
2022-01-17 15:42:06,912 - elsapy.utils - INFO - Converting prism:coverDate
2022-01-17 15:42:07,918 - elsapy.elsclient - INFO - Sending GET request to https://api.elsevier.com/content/search/scopus?query=AU-ID%2857193852061%29
2022-01-17 15:42:23,310 - elsapy.utils - INFO - Converting prism:coverDate
2022-01-17 15:42:24,318 - elsapy.elsclient - INFO - Sending GET request to https://api.elsevier.com/content/search/scopus?query=AU-ID%2857193853368%29
2022-01-17 15:42:25,439 - elsapy.utils - INFO - Converting prism:coverDate
2022-01-17 15:42:26,442 - elsapy.elsclient - INFO - Sending GET request to https://api.elsevier.com/content/search/scopus?query=AU-ID%2857193854253%29
2022-01-17 15:42:28,972 - elsapy.utils - INFO - Converting prism:coverDate
2022-01-17 15:42:29,982 - elsapy.elsclient - INFO - Sending GET request to https://api.elsevier.com/content/search/scopus?query=AU-ID%2857193860831%29
2022-01-17 15:42:33,425 - elsapy.utils - INFO - Converting prism:coverDate
2022-01-17 15:42:34,437 - elsapy.elsclient - INFO - Sending GET request to https://api.elsevier.com/content/search/scopus?query=AU-ID%2857194046739%29
2022-01-17 15:42:38,444 - elsapy.utils - INFO - Converting prism:coverDate
2022-01-17 15:42:39,457 - elsapy.elsclient - INFO - Sending GET request to https://api.elsevier.com/content/search/scopus?query=AU-ID%2857194095804%29
2022-01-17 15:42:42,132 - elsapy.utils - INFO - Converting prism:coverDate
2022-01-17 15:42:43,133 - elsapy.elsclient - INFO - Sending GET request to https://api.elsevier.com/content/search/scopus?query=AU-ID%2857194095804%29
2022-01-17 15:42:47,354 - elsapy.utils - INFO - Converting prism:coverDate
2022-01-17 15:42:48,352 - elsapy.elsclient - INFO - Sending GET request to https://api.elsevier.com/content/search/scopus?query=AU-ID%2857194098936%29
2022-01-17 15:42:51,167 - elsapy.elsclient - INFO - Sending GET request to https://api.elsevier.com/content/search/scopus?start=25&count=25&query=AU-ID%2857194098936%29
2022-01-17 15:42:51,859 - elsapy.utils - INFO - Converting prism:coverDate
2022-01-17 15:42:52,860 - elsapy.elsclient - INFO - Sending GET request to https://api.elsevier.com/content/search/scopus?query=AU-ID%2857194098936%29
2022-01-17 15:42:55,250 - elsapy.elsclient - INFO - Sending GET request to https://api.elsevier.com/content/search/scopus?start=25&count=25&query=AU-ID%2857194098936%29
2022-01-17 15:42:55,921 - elsapy.utils - INFO - Converting prism:coverDate
2022-01-17 15:42:56,932 - elsapy.elsclient - INFO - Sending GET request to https://api.elsevier.com/content/search/scopus?query=AU-ID%2857194507138%29
2022-01-17 15:43:00,090 - elsapy.utils - INFO - Converting prism:coverDate
2022-01-17 15:43:01,091 - elsapy.elsclient - INFO - Sending GET request to https://api.elsevier.com/content/search/scopus?query=AU-ID%2857194782786%29
2022-01-17 15:43:04,887 - elsapy.utils - INFO - Converting prism:coverDate
2022-01-17 15:43:05,886 - elsapy.elsclient - INFO - Sending GET request to https://api.elsevier.com/content/search/scopus?query=AU-ID%2857194782920%29
2022-01-17 15:43:07,363 - elsapy.utils - INFO - Converting prism:coverDate
2022-01-17 15:43:08,370 - elsapy.elsclient - INFO - Sending GET request to https://api.elsevier.com/content/search/scopus?query=AU-ID%2857199685060%29
2022-01-17 15:43:09,132 - elsapy.utils - INFO - Converting prism:coverDate
2022-01-17 15:43:10,138 - elsapy.elsclient - INFO - Sending GET request to https://api.elsevier.com/content/search/scopus?query=AU-ID%2857200292438%29
2022-01-17 15:43:12,828 - elsapy.utils - INFO - Converting prism:coverDate
2022-01-17 15:43:13,829 - elsapy.elsclient - INFO - Sending GET request to https://api.elsevier.com/content/search/scopus?query=AU-ID%2857200415063%29
2022-01-17 15:43:15,364 - elsapy.utils - INFO - Converting prism:coverDate
2022-01-17 15:43:16,376 - elsapy.elsclient - INFO - Sending GET request to https://api.elsevier.com/content/search/scopus?query=AU-ID%2857201673507%29
2022-01-17 15:43:17,851 - elsapy.utils - INFO - Converting prism:coverDate
2022-01-17 15:43:18,861 - elsapy.elsclient - INFO - Sending GET request to https://api.elsevier.com/content/search/scopus?query=AU-ID%2857202149735%29
2022-01-17 15:43:20,408 - elsapy.utils - INFO - Converting prism:coverDate
2022-01-17 15:43:21,409 - elsapy.elsclient - INFO - Sending GET request to https://api.elsevier.com/content/search/scopus?query=AU-ID%2857202576554%29
2022-01-17 15:43:23,547 - elsapy.utils - INFO - Converting prism:coverDate
2022-01-17 15:43:24,545 - elsapy.elsclient - INFO - Sending GET request to https://api.elsevier.com/content/search/scopus?query=AU-ID%2857202586358%29
2022-01-17 15:43:26,474 - elsapy.utils - INFO - Converting prism:coverDate
2022-01-17 15:43:27,483 - elsapy.elsclient - INFO - Sending GET request to https://api.elsevier.com/content/search/scopus?query=AU-ID%2857202902362%29
2022-01-17 15:43:30,076 - elsapy.utils - INFO - Converting prism:coverDate
2022-01-17 15:43:31,086 - elsapy.elsclient - INFO - Sending GET request to https://api.elsevier.com/content/search/scopus?query=AU-ID%2857203954747%29
2022-01-17 15:43:34,124 - elsapy.utils - INFO - Converting prism:coverDate
2022-01-17 15:43:35,136 - elsapy.elsclient - INFO - Sending GET request to https://api.elsevier.com/content/search/scopus?query=AU-ID%2857203954747%29
2022-01-17 15:43:39,266 - elsapy.utils - INFO - Converting prism:coverDate
2022-01-17 15:43:40,272 - elsapy.elsclient - INFO - Sending GET request to https://api.elsevier.com/content/search/scopus?query=AU-ID%2857203965420%29
2022-01-17 15:43:43,697 - elsapy.utils - INFO - Converting prism:coverDate
2022-01-17 15:43:44,700 - elsapy.elsclient - INFO - Sending GET request to https://api.elsevier.com/content/search/scopus?query=AU-ID%2857204171027%29
2022-01-17 15:43:48,310 - elsapy.utils - INFO - Converting prism:coverDate
2022-01-17 15:43:49,310 - elsapy.elsclient - INFO - Sending GET request to https://api.elsevier.com/content/search/scopus?query=AU-ID%2857204171589%29
2022-01-17 15:43:50,298 - elsapy.utils - INFO - Converting prism:coverDate
2022-01-17 15:43:51,305 - elsapy.elsclient - INFO - Sending GET request to https://api.elsevier.com/content/search/scopus?query=AU-ID%2857204171778%29
2022-01-17 15:43:52,853 - elsapy.utils - INFO - Converting prism:coverDate
2022-01-17 15:43:53,865 - elsapy.elsclient - INFO - Sending GET request to https://api.elsevier.com/content/search/scopus?query=AU-ID%2857204171827%29
2022-01-17 15:43:54,974 - elsapy.utils - INFO - Converting prism:coverDate
2022-01-17 15:43:55,985 - elsapy.elsclient - INFO - Sending GET request to https://api.elsevier.com/content/search/scopus?query=AU-ID%2857204173381%29
2022-01-17 15:43:57,073 - elsapy.utils - INFO - Converting prism:coverDate
2022-01-17 15:43:58,080 - elsapy.elsclient - INFO - Sending GET request to https://api.elsevier.com/content/search/scopus?query=AU-ID%2857204173468%29
2022-01-17 15:43:59,782 - elsapy.utils - INFO - Converting prism:coverDate
2022-01-17 15:44:00,793 - elsapy.elsclient - INFO - Sending GET request to https://api.elsevier.com/content/search/scopus?query=AU-ID%2857204173643%29
2022-01-17 15:44:06,563 - elsapy.utils - INFO - Converting prism:coverDate
2022-01-17 15:44:07,572 - elsapy.elsclient - INFO - Sending GET request to https://api.elsevier.com/content/search/scopus?query=AU-ID%2857204173707%29
2022-01-17 15:44:09,565 - elsapy.utils - INFO - Converting prism:coverDate
2022-01-17 15:44:10,572 - elsapy.elsclient - INFO - Sending GET request to https://api.elsevier.com/content/search/scopus?query=AU-ID%2857204173939%29
2022-01-17 15:44:42,930 - elsapy.utils - INFO - Converting prism:coverDate
2022-01-17 15:44:43,937 - elsapy.elsclient - INFO - Sending GET request to https://api.elsevier.com/content/search/scopus?query=AU-ID%2857204174154%29
2022-01-17 15:44:45,555 - elsapy.utils - INFO - Converting prism:coverDate
2022-01-17 15:44:46,558 - elsapy.elsclient - INFO - Sending GET request to https://api.elsevier.com/content/search/scopus?query=AU-ID%2857204174766%29
2022-01-17 15:44:48,403 - elsapy.utils - INFO - Converting prism:coverDate
2022-01-17 15:44:49,410 - elsapy.elsclient - INFO - Sending GET request to https://api.elsevier.com/content/search/scopus?query=AU-ID%2857204175159%29
2022-01-17 15:44:50,414 - elsapy.utils - INFO - Converting prism:coverDate
2022-01-17 15:44:51,424 - elsapy.elsclient - INFO - Sending GET request to https://api.elsevier.com/content/search/scopus?query=AU-ID%2857204175486%29
2022-01-17 15:44:52,570 - elsapy.utils - INFO - Converting prism:coverDate
2022-01-17 15:44:53,575 - elsapy.elsclient - INFO - Sending GET request to https://api.elsevier.com/content/search/scopus?query=AU-ID%2857204175810%29
2022-01-17 15:44:54,570 - elsapy.utils - INFO - Converting prism:coverDate
2022-01-17 15:44:55,574 - elsapy.elsclient - INFO - Sending GET request to https://api.elsevier.com/content/search/scopus?query=AU-ID%2857204176027%29
2022-01-17 15:44:57,068 - elsapy.utils - INFO - Converting prism:coverDate
2022-01-17 15:44:58,071 - elsapy.elsclient - INFO - Sending GET request to https://api.elsevier.com/content/search/scopus?query=AU-ID%2857204176549%29
2022-01-17 15:45:05,206 - elsapy.utils - INFO - Converting prism:coverDate
2022-01-17 15:45:06,214 - elsapy.elsclient - INFO - Sending GET request to https://api.elsevier.com/content/search/scopus?query=AU-ID%2857204176608%29
2022-01-17 15:45:08,918 - elsapy.utils - INFO - Converting prism:coverDate
2022-01-17 15:45:09,921 - elsapy.elsclient - INFO - Sending GET request to https://api.elsevier.com/content/search/scopus?query=AU-ID%2857204176935%29
2022-01-17 15:45:13,977 - elsapy.utils - INFO - Converting prism:coverDate
2022-01-17 15:45:14,986 - elsapy.elsclient - INFO - Sending GET request to https://api.elsevier.com/content/search/scopus?query=AU-ID%2857204177331%29
2022-01-17 15:45:18,498 - elsapy.utils - INFO - Converting prism:coverDate
2022-01-17 15:45:19,499 - elsapy.elsclient - INFO - Sending GET request to https://api.elsevier.com/content/search/scopus?query=AU-ID%2857204177997%29
2022-01-17 15:45:23,171 - elsapy.utils - INFO - Converting prism:coverDate
2022-01-17 15:45:24,182 - elsapy.elsclient - INFO - Sending GET request to https://api.elsevier.com/content/search/scopus?query=AU-ID%2857204178882%29
2022-01-17 15:45:27,064 - elsapy.utils - INFO - Converting prism:coverDate
2022-01-17 15:45:28,075 - elsapy.elsclient - INFO - Sending GET request to https://api.elsevier.com/content/search/scopus?query=AU-ID%2857204178898%29
2022-01-17 15:45:32,847 - elsapy.utils - INFO - Converting prism:coverDate
2022-01-17 15:45:33,847 - elsapy.elsclient - INFO - Sending GET request to https://api.elsevier.com/content/search/scopus?query=AU-ID%2857204178999%29
2022-01-17 15:45:36,306 - elsapy.utils - INFO - Converting prism:coverDate
2022-01-17 15:45:37,315 - elsapy.elsclient - INFO - Sending GET request to https://api.elsevier.com/content/search/scopus?query=AU-ID%2857204179138%29
2022-01-17 15:45:39,274 - elsapy.utils - INFO - Converting prism:coverDate
2022-01-17 15:45:40,278 - elsapy.elsclient - INFO - Sending GET request to https://api.elsevier.com/content/search/scopus?query=AU-ID%2857204179314%29
2022-01-17 15:45:41,498 - elsapy.utils - INFO - Converting prism:coverDate
2022-01-17 15:45:42,506 - elsapy.elsclient - INFO - Sending GET request to https://api.elsevier.com/content/search/scopus?query=AU-ID%2857204179927%29
2022-01-17 15:45:43,560 - elsapy.utils - INFO - Converting prism:coverDate
2022-01-17 15:45:44,563 - elsapy.elsclient - INFO - Sending GET request to https://api.elsevier.com/content/search/scopus?query=AU-ID%2857204180169%29
2022-01-17 15:45:46,604 - elsapy.utils - INFO - Converting prism:coverDate
2022-01-17 15:45:47,612 - elsapy.elsclient - INFO - Sending GET request to https://api.elsevier.com/content/search/scopus?query=AU-ID%2857204180755%29
2022-01-17 15:45:53,314 - elsapy.utils - INFO - Converting prism:coverDate
2022-01-17 15:45:54,326 - elsapy.elsclient - INFO - Sending GET request to https://api.elsevier.com/content/search/scopus?query=AU-ID%2857204180761%29
2022-01-17 15:45:58,563 - elsapy.utils - INFO - Converting prism:coverDate
2022-01-17 15:45:59,574 - elsapy.elsclient - INFO - Sending GET request to https://api.elsevier.com/content/search/scopus?query=AU-ID%2857204181854%29
2022-01-17 15:46:03,301 - elsapy.utils - INFO - Converting prism:coverDate
2022-01-17 15:46:04,304 - elsapy.elsclient - INFO - Sending GET request to https://api.elsevier.com/content/search/scopus?query=AU-ID%2857204182637%29
2022-01-17 15:46:07,194 - elsapy.utils - INFO - Converting prism:coverDate
2022-01-17 15:46:08,207 - elsapy.elsclient - INFO - Sending GET request to https://api.elsevier.com/content/search/scopus?query=AU-ID%2857204182959%29
2022-01-17 15:46:09,096 - elsapy.utils - INFO - Converting prism:coverDate
2022-01-17 15:46:10,101 - elsapy.elsclient - INFO - Sending GET request to https://api.elsevier.com/content/search/scopus?query=AU-ID%2857204182959%29
2022-01-17 15:46:11,355 - elsapy.utils - INFO - Converting prism:coverDate
2022-01-17 15:46:12,356 - elsapy.elsclient - INFO - Sending GET request to https://api.elsevier.com/content/search/scopus?query=AU-ID%2857204182971%29
2022-01-17 15:46:17,103 - elsapy.utils - INFO - Converting prism:coverDate
2022-01-17 15:46:18,107 - elsapy.elsclient - INFO - Sending GET request to https://api.elsevier.com/content/search/scopus?query=AU-ID%2857204183128%29
2022-01-17 15:46:18,828 - elsapy.utils - INFO - Converting prism:coverDate
2022-01-17 15:46:19,831 - elsapy.elsclient - INFO - Sending GET request to https://api.elsevier.com/content/search/scopus?query=AU-ID%2857204183341%29
2022-01-17 15:46:21,380 - elsapy.utils - INFO - Converting prism:coverDate
2022-01-17 15:46:22,391 - elsapy.elsclient - INFO - Sending GET request to https://api.elsevier.com/content/search/scopus?query=AU-ID%2857204184190%29
2022-01-17 15:46:24,886 - elsapy.utils - INFO - Converting prism:coverDate
2022-01-17 15:46:25,888 - elsapy.elsclient - INFO - Sending GET request to https://api.elsevier.com/content/search/scopus?query=AU-ID%2857204184190%29
2022-01-17 15:46:27,940 - elsapy.utils - INFO - Converting prism:coverDate
2022-01-17 15:46:28,941 - elsapy.elsclient - INFO - Sending GET request to https://api.elsevier.com/content/search/scopus?query=AU-ID%2857204184406%29
2022-01-17 15:46:33,661 - elsapy.utils - INFO - Converting prism:coverDate
2022-01-17 15:46:34,667 - elsapy.elsclient - INFO - Sending GET request to https://api.elsevier.com/content/search/scopus?query=AU-ID%2857204185646%29
2022-01-17 15:46:39,929 - elsapy.utils - INFO - Converting prism:coverDate
2022-01-17 15:46:40,936 - elsapy.elsclient - INFO - Sending GET request to https://api.elsevier.com/content/search/scopus?query=AU-ID%2857204185816%29
2022-01-17 15:46:44,109 - elsapy.utils - INFO - Converting prism:coverDate
2022-01-17 15:46:45,112 - elsapy.elsclient - INFO - Sending GET request to https://api.elsevier.com/content/search/scopus?query=AU-ID%2857204186026%29
2022-01-17 15:46:47,366 - elsapy.utils - INFO - Converting prism:coverDate
2022-01-17 15:46:48,375 - elsapy.elsclient - INFO - Sending GET request to https://api.elsevier.com/content/search/scopus?query=AU-ID%2857204186308%29
2022-01-17 15:46:51,205 - elsapy.utils - INFO - Converting prism:coverDate
2022-01-17 15:46:52,214 - elsapy.elsclient - INFO - Sending GET request to https://api.elsevier.com/content/search/scopus?query=AU-ID%2857204186308%29
2022-01-17 15:46:53,072 - elsapy.utils - INFO - Converting prism:coverDate
2022-01-17 15:46:54,077 - elsapy.elsclient - INFO - Sending GET request to https://api.elsevier.com/content/search/scopus?query=AU-ID%2857204186404%29
2022-01-17 15:46:54,864 - elsapy.utils - INFO - Converting prism:coverDate
2022-01-17 15:46:55,875 - elsapy.elsclient - INFO - Sending GET request to https://api.elsevier.com/content/search/scopus?query=AU-ID%2857204187129%29
2022-01-17 15:46:57,616 - elsapy.utils - INFO - Converting prism:coverDate
2022-01-17 15:46:58,629 - elsapy.elsclient - INFO - Sending GET request to https://api.elsevier.com/content/search/scopus?query=AU-ID%2857204187429%29
2022-01-17 15:47:01,352 - elsapy.utils - INFO - Converting prism:coverDate
2022-01-17 15:47:02,352 - elsapy.elsclient - INFO - Sending GET request to https://api.elsevier.com/content/search/scopus?query=AU-ID%2857204187881%29
2022-01-17 15:47:04,179 - elsapy.utils - INFO - Converting prism:coverDate
2022-01-17 15:47:05,183 - elsapy.elsclient - INFO - Sending GET request to https://api.elsevier.com/content/search/scopus?query=AU-ID%2857204188055%29
2022-01-17 15:47:06,540 - elsapy.utils - INFO - Converting prism:coverDate
2022-01-17 15:47:07,553 - elsapy.elsclient - INFO - Sending GET request to https://api.elsevier.com/content/search/scopus?query=AU-ID%2857204188102%29
2022-01-17 15:47:14,535 - elsapy.utils - INFO - Converting prism:coverDate
2022-01-17 15:47:15,542 - elsapy.elsclient - INFO - Sending GET request to https://api.elsevier.com/content/search/scopus?query=AU-ID%2857204188342%29
2022-01-17 15:47:16,822 - elsapy.utils - INFO - Converting prism:coverDate
2022-01-17 15:47:17,827 - elsapy.elsclient - INFO - Sending GET request to https://api.elsevier.com/content/search/scopus?query=AU-ID%2857204188436%29
2022-01-17 15:47:18,915 - elsapy.utils - INFO - Converting prism:coverDate
2022-01-17 15:47:19,916 - elsapy.elsclient - INFO - Sending GET request to https://api.elsevier.com/content/search/scopus?query=AU-ID%2857204188766%29
2022-01-17 15:47:21,917 - elsapy.utils - INFO - Converting prism:coverDate
2022-01-17 15:47:22,915 - elsapy.elsclient - INFO - Sending GET request to https://api.elsevier.com/content/search/scopus?query=AU-ID%2857204188975%29
2022-01-17 15:47:36,180 - elsapy.utils - INFO - Converting prism:coverDate
2022-01-17 15:47:37,178 - elsapy.elsclient - INFO - Sending GET request to https://api.elsevier.com/content/search/scopus?query=AU-ID%2857204189139%29
2022-01-17 15:47:38,931 - elsapy.utils - INFO - Converting prism:coverDate
2022-01-17 15:47:39,932 - elsapy.elsclient - INFO - Sending GET request to https://api.elsevier.com/content/search/scopus?query=AU-ID%2857204495477%29
